TN:
SF:src\controllers\UserController.ts
FN:7,UserController
FN:13,UserController.createUser
FN:24,UserController.getAllUsers
FN:29,UserController.nameVerify
FN:40,UserController.emailVerify
FNF:5
FNH:5
FNDA:1,UserController
FNDA:1,UserController.createUser
FNDA:1,UserController.getAllUsers
FNDA:1,UserController.nameVerify
FNDA:1,UserController.emailVerify
DA:1,1
DA:2,1
DA:3,1
DA:4,1
DA:5,1
DA:6,1
DA:7,1
DA:8,1
DA:9,1
DA:10,1
DA:11,1
DA:12,1
DA:13,1
DA:14,1
DA:15,1
DA:16,1
DA:17,0
DA:18,0
DA:19,1
DA:20,1
DA:21,1
DA:22,1
DA:23,1
DA:24,1
DA:25,1
DA:26,1
DA:27,1
DA:28,1
DA:29,1
DA:30,1
DA:31,1
DA:32,1
DA:33,1
DA:34,1
DA:35,0
DA:36,0
DA:37,0
DA:38,0
DA:39,1
DA:40,1
DA:41,1
DA:42,1
DA:43,1
DA:44,1
DA:45,1
DA:46,0
DA:47,0
DA:48,0
DA:49,0
DA:50,1
DA:51,1
DA:52,1
DA:53,1
LF:53
LH:43
BRDA:7,0,0,1
BRDA:13,1,0,1
BRDA:16,2,0,0
BRDA:24,3,0,1
BRDA:29,4,0,1
BRDA:35,5,0,0
BRDA:40,6,0,1
BRDA:46,7,0,0
BRF:8
BRH:5
end_of_record
TN:
SF:src\services\UserService.ts
FN:17,UserService
FN:23,UserService.createUser
FN:32,UserService.getAllUsers
FN:36,UserService.nameVerify
FN:45,UserService.emailVerify
FNF:5
FNH:5
FNDA:1,UserService
FNDA:1,UserService.createUser
FNDA:1,UserService.getAllUsers
FNDA:1,UserService.nameVerify
FNDA:1,UserService.emailVerify
DA:1,1
DA:2,1
DA:3,1
DA:4,1
DA:5,1
DA:6,1
DA:7,1
DA:8,1
DA:9,1
DA:10,1
DA:11,1
DA:12,1
DA:13,1
DA:14,1
DA:15,1
DA:16,1
DA:17,1
DA:18,1
DA:19,1
DA:20,1
DA:21,1
DA:22,1
DA:23,1
DA:24,1
DA:25,1
DA:26,1
DA:27,1
DA:28,1
DA:29,1
DA:30,1
DA:31,1
DA:32,1
DA:33,1
DA:34,1
DA:35,1
DA:36,1
DA:37,1
DA:38,1
DA:39,1
DA:40,1
DA:41,1
DA:42,1
DA:43,1
DA:44,1
DA:45,1
DA:46,1
DA:47,1
DA:48,1
DA:49,1
DA:50,1
DA:51,1
DA:52,1
DA:53,1
LF:53
LH:53
BRDA:17,0,0,1
BRDA:23,1,0,1
BRDA:32,2,0,1
BRDA:36,3,0,1
BRDA:45,4,0,1
BRF:5
BRH:5
end_of_record
